
> feedback-system-frontend@0.0.1 build
> vite build

[36mvite v4.5.14 [32mbuilding for production...[36m[39m
transforming...
node.exe : node_modules/rea
ct-hot-toast/dist/index.mjs
 (1:0) Module level 
directives cause errors 
when bundled, "use client" 
in "node_modules/react-hot-
toast/dist/index.mjs" was 
ignored.
At line:1 char:1
+ & "C:\Program 
Files\nodejs/node.exe" 
"C:\Program 
Files\nodejs/node_mo ...
+ ~~~~~~~~~~~~~~~~~~~~~~~~~
~~~~~~~~~~~~~~~~~~~~~~~~~~~
~~~~~~~~~~~~~~~~~
    + CategoryInfo         
     : NotSpecified: (nod  
  e_modules/re...s" was    
 ignored.:String) [], R    
emoteException
    + FullyQualifiedErrorI 
   d : NativeCommandError
 
node_modules/framer-motion/
dist/es/components/AnimateP
resence/index.mjs (1:0) 
Module level directives 
cause errors when bundled, 
"use client" in "node_modul
es/framer-motion/dist/es/co
mponents/AnimatePresence/in
dex.mjs" was ignored.
node_modules/framer-motion/
dist/es/components/AnimateP
resence/PopChild.mjs (1:0) 
Module level directives 
cause errors when bundled, 
"use client" in "node_modul
es/framer-motion/dist/es/co
mponents/AnimatePresence/Po
pChild.mjs" was ignored.
node_modules/framer-motion/
dist/es/components/AnimateP
resence/PresenceChild.mjs 
(1:0) Module level 
directives cause errors 
when bundled, "use client" 
in "node_modules/framer-mot
ion/dist/es/components/Anim
atePresence/PresenceChild.m
js" was ignored.
node_modules/framer-motion/
dist/es/components/LayoutGr
oup/index.mjs (1:0) Module 
level directives cause 
errors when bundled, "use 
client" in "node_modules/fr
amer-motion/dist/es/compone
nts/LayoutGroup/index.mjs" 
was ignored.
node_modules/framer-motion/
dist/es/components/MotionCo
nfig/index.mjs (1:0) 
Module level directives 
cause errors when bundled, 
"use client" in "node_modul
es/framer-motion/dist/es/co
mponents/MotionConfig/index
.mjs" was ignored.
node_modules/framer-motion/
dist/es/components/LazyMoti
on/index.mjs (1:0) Module 
level directives cause 
errors when bundled, "use 
client" in "node_modules/fr
amer-motion/dist/es/compone
nts/LazyMotion/index.mjs" 
was ignored.
node_modules/framer-motion/
dist/es/motion/utils/use-vi
sual-state.mjs (1:0) 
Module level directives 
cause errors when bundled, 
"use client" in "node_modul
es/framer-motion/dist/es/mo
tion/utils/use-visual-state
.mjs" was ignored.
node_modules/framer-motion/
dist/es/utils/use-unmount-e
ffect.mjs (1:0) Module 
level directives cause 
errors when bundled, "use 
client" in "node_modules/fr
amer-motion/dist/es/utils/u
se-unmount-effect.mjs" was 
ignored.
node_modules/framer-motion/
dist/es/render/dom/features
-animation.mjs (1:0) 
Module level directives 
cause errors when bundled, 
"use client" in "node_modul
es/framer-motion/dist/es/re
nder/dom/features-animation
.mjs" was ignored.
node_modules/framer-motion/
dist/es/render/dom/features
-min.mjs (1:0) Module 
level directives cause 
errors when bundled, "use 
client" in "node_modules/fr
amer-motion/dist/es/render/
dom/features-min.mjs" was 
ignored.
node_modules/framer-motion/
dist/es/utils/use-isomorphi
c-effect.mjs (1:0) Module 
level directives cause 
errors when bundled, "use 
client" in "node_modules/fr
amer-motion/dist/es/utils/u
se-isomorphic-effect.mjs" 
was ignored.
node_modules/framer-motion/
dist/es/render/dom/features
-max.mjs (1:0) Module 
level directives cause 
errors when bundled, "use 
client" in "node_modules/fr
amer-motion/dist/es/render/
dom/features-max.mjs" was 
ignored.
node_modules/framer-motion/
dist/es/utils/use-motion-va
lue-event.mjs (1:0) Module 
level directives cause 
errors when bundled, "use 
client" in "node_modules/fr
amer-motion/dist/es/utils/u
se-motion-value-event.mjs" 
was ignored.
node_modules/framer-motion/
dist/es/utils/use-force-upd
ate.mjs (1:0) Module level 
directives cause errors 
when bundled, "use client" 
in "node_modules/framer-mot
ion/dist/es/utils/use-force
-update.mjs" was ignored.
node_modules/framer-motion/
dist/es/value/use-motion-va
lue.mjs (1:0) Module level 
directives cause errors 
when bundled, "use client" 
in "node_modules/framer-mot
ion/dist/es/value/use-motio
n-value.mjs" was ignored.
node_modules/framer-motion/
dist/es/value/use-motion-te
mplate.mjs (1:0) Module 
level directives cause 
errors when bundled, "use 
client" in "node_modules/fr
amer-motion/dist/es/value/u
se-motion-template.mjs" 
was ignored.
node_modules/framer-motion/
dist/es/value/use-scroll.mj
s (1:0) Module level 
directives cause errors 
when bundled, "use client" 
in "node_modules/framer-mot
ion/dist/es/value/use-scrol
l.mjs" was ignored.
node_modules/framer-motion/
dist/es/value/use-follow-va
lue.mjs (1:0) Module level 
directives cause errors 
when bundled, "use client" 
in "node_modules/framer-mot
ion/dist/es/value/use-follo
w-value.mjs" was ignored.
node_modules/framer-motion/
dist/es/value/use-spring.mj
s (1:0) Module level 
directives cause errors 
when bundled, "use client" 
in "node_modules/framer-mot
ion/dist/es/value/use-sprin
g.mjs" was ignored.
node_modules/framer-motion/
dist/es/value/use-transform
.mjs (1:0) Module level 
directives cause errors 
when bundled, "use client" 
in "node_modules/framer-mot
ion/dist/es/value/use-trans
form.mjs" was ignored.
node_modules/framer-motion/
dist/es/value/use-time.mjs 
(1:0) Module level 
directives cause errors 
when bundled, "use client" 
in "node_modules/framer-mot
ion/dist/es/value/use-time.
mjs" was ignored.
node_modules/framer-motion/
dist/es/value/use-velocity.
mjs (1:0) Module level 
directives cause errors 
when bundled, "use client" 
in "node_modules/framer-mot
ion/dist/es/value/use-veloc
ity.mjs" was ignored.
node_modules/framer-motion/
dist/es/utils/reduced-motio
n/use-reduced-motion.mjs 
(1:0) Module level 
directives cause errors 
when bundled, "use client" 
in "node_modules/framer-mot
ion/dist/es/utils/reduced-m
otion/use-reduced-motion.mj
s" was ignored.
node_modules/framer-motion/
dist/es/value/use-will-chan
ge/index.mjs (1:0) Module 
level directives cause 
errors when bundled, "use 
client" in "node_modules/fr
amer-motion/dist/es/value/u
se-will-change/index.mjs" 
was ignored.
node_modules/framer-motion/
dist/es/utils/reduced-motio
n/use-reduced-motion-config
.mjs (1:0) Module level 
directives cause errors 
when bundled, "use client" 
in "node_modules/framer-mot
ion/dist/es/utils/reduced-m
otion/use-reduced-motion-co
nfig.mjs" was ignored.
node_modules/framer-motion/
dist/es/animation/hooks/use
-animate.mjs (1:0) Module 
level directives cause 
errors when bundled, "use 
client" in "node_modules/fr
amer-motion/dist/es/animati
on/hooks/use-animate.mjs" 
was ignored.
node_modules/framer-motion/
dist/es/animation/hooks/use
-animate-style.mjs (1:0) 
Module level directives 
cause errors when bundled, 
"use client" in "node_modul
es/framer-motion/dist/es/an
imation/hooks/use-animate-s
tyle.mjs" was ignored.
node_modules/framer-motion/
dist/es/components/AnimateP
resence/use-presence.mjs 
(1:0) Module level 
directives cause errors 
when bundled, "use client" 
in "node_modules/framer-mot
ion/dist/es/components/Anim
atePresence/use-presence.mj
s" was ignored.
node_modules/framer-motion/
dist/es/animation/hooks/use
-animation.mjs (1:0) 
Module level directives 
cause errors when bundled, 
"use client" in "node_modul
es/framer-motion/dist/es/an
imation/hooks/use-animation
.mjs" was ignored.
node_modules/framer-motion/
dist/es/events/use-dom-even
t.mjs (1:0) Module level 
directives cause errors 
when bundled, "use client" 
in "node_modules/framer-mot
ion/dist/es/events/use-dom-
event.mjs" was ignored.
node_modules/framer-motion/
dist/es/components/AnimateP
resence/use-presence-data.m
js (1:0) Module level 
directives cause errors 
when bundled, "use client" 
in "node_modules/framer-mot
ion/dist/es/components/Anim
atePresence/use-presence-da
ta.mjs" was ignored.
node_modules/framer-motion/
dist/es/utils/use-animation
-frame.mjs (1:0) Module 
level directives cause 
errors when bundled, "use 
client" in "node_modules/fr
amer-motion/dist/es/utils/u
se-animation-frame.mjs" 
was ignored.
node_modules/framer-motion/
dist/es/utils/use-cycle.mjs
 (1:0) Module level 
directives cause errors 
when bundled, "use client" 
in "node_modules/framer-mot
ion/dist/es/utils/use-cycle
.mjs" was ignored.
node_modules/framer-motion/
dist/es/utils/use-in-view.m
js (1:0) Module level 
directives cause errors 
when bundled, "use client" 
in "node_modules/framer-mot
ion/dist/es/utils/use-in-vi
ew.mjs" was ignored.
node_modules/framer-motion/
dist/es/utils/use-instant-t
ransition.mjs (1:0) Module 
level directives cause 
errors when bundled, "use 
client" in "node_modules/fr
amer-motion/dist/es/utils/u
se-instant-transition.mjs" 
was ignored.
node_modules/framer-motion/
dist/es/utils/use-page-in-v
iew.mjs (1:0) Module level 
directives cause errors 
when bundled, "use client" 
in "node_modules/framer-mot
ion/dist/es/utils/use-page-
in-view.mjs" was ignored.
node_modules/framer-motion/
dist/es/context/LayoutGroup
Context.mjs (1:0) Module 
level directives cause 
errors when bundled, "use 
client" in "node_modules/fr
amer-motion/dist/es/context
/LayoutGroupContext.mjs" 
was ignored.
node_modules/framer-motion/
dist/es/context/MotionConfi
gContext.mjs (1:0) Module 
level directives cause 
errors when bundled, "use 
client" in "node_modules/fr
amer-motion/dist/es/context
/MotionConfigContext.mjs" 
was ignored.
node_modules/framer-motion/
dist/es/context/PresenceCon
text.mjs (1:0) Module 
level directives cause 
errors when bundled, "use 
client" in "node_modules/fr
amer-motion/dist/es/context
/PresenceContext.mjs" was 
ignored.
node_modules/framer-motion/
dist/es/context/MotionConte
xt/index.mjs (1:0) Module 
level directives cause 
errors when bundled, "use 
client" in "node_modules/fr
amer-motion/dist/es/context
/MotionContext/index.mjs" 
was ignored.
node_modules/framer-motion/
dist/es/animation/hooks/use
-animated-state.mjs (1:0) 
Module level directives 
cause errors when bundled, 
"use client" in "node_modul
es/framer-motion/dist/es/an
imation/hooks/use-animated-
state.mjs" was ignored.
node_modules/framer-motion/
dist/es/context/SwitchLayou
tGroupContext.mjs (1:0) 
Module level directives 
cause errors when bundled, 
"use client" in "node_modul
es/framer-motion/dist/es/co
ntext/SwitchLayoutGroupCont
ext.mjs" was ignored.
node_modules/framer-motion/
dist/es/components/AnimateS
haredLayout.mjs (1:0) 
Module level directives 
cause errors when bundled, 
"use client" in "node_modul
es/framer-motion/dist/es/co
mponents/AnimateSharedLayou
t.mjs" was ignored.
node_modules/framer-motion/
dist/es/value/use-inverted-
scale.mjs (1:0) Module 
level directives cause 
errors when bundled, "use 
client" in "node_modules/fr
amer-motion/dist/es/value/u
se-inverted-scale.mjs" was 
ignored.
node_modules/framer-motion/
dist/es/context/DeprecatedL
ayoutGroupContext.mjs 
(1:0) Module level 
directives cause errors 
when bundled, "use client" 
in "node_modules/framer-mot
ion/dist/es/context/Depreca
tedLayoutGroupContext.mjs" 
was ignored.
node_modules/framer-motion/
dist/es/utils/use-constant.
mjs (1:0) Module level 
directives cause errors 
when bundled, "use client" 
in "node_modules/framer-mot
ion/dist/es/utils/use-const
ant.mjs" was ignored.
node_modules/framer-motion/
dist/es/context/LazyContext
.mjs (1:0) Module level 
directives cause errors 
when bundled, "use client" 
in "node_modules/framer-mot
ion/dist/es/context/LazyCon
text.mjs" was ignored.
node_modules/framer-motion/
dist/es/utils/use-is-mounte
d.mjs (1:0) Module level 
directives cause errors 
when bundled, "use client" 
in "node_modules/framer-mot
ion/dist/es/utils/use-is-mo
unted.mjs" was ignored.
node_modules/framer-motion/
dist/es/value/use-combine-v
alues.mjs (1:0) Module 
level directives cause 
errors when bundled, "use 
client" in "node_modules/fr
amer-motion/dist/es/value/u
se-combine-values.mjs" was 
ignored.
node_modules/framer-motion/
dist/es/value/use-computed.
mjs (1:0) Module level 
directives cause errors 
when bundled, "use client" 
in "node_modules/framer-mot
ion/dist/es/value/use-compu
ted.mjs" was ignored.
node_modules/framer-motion/
dist/es/components/Reorder/
Group.mjs (1:0) Module 
level directives cause 
errors when bundled, "use 
client" in "node_modules/fr
amer-motion/dist/es/compone
nts/Reorder/Group.mjs" was 
ignored.
node_modules/framer-motion/
dist/es/components/Reorder/
Item.mjs (1:0) Module 
level directives cause 
errors when bundled, "use 
client" in "node_modules/fr
amer-motion/dist/es/compone
nts/Reorder/Item.mjs" was 
ignored.
node_modules/framer-motion/
dist/es/motion/index.mjs 
(1:0) Module level 
directives cause errors 
when bundled, "use client" 
in "node_modules/framer-mot
ion/dist/es/motion/index.mj
s" was ignored.
node_modules/framer-motion/
dist/es/motion/features/lay
out/MeasureLayout.mjs 
(1:0) Module level 
directives cause errors 
when bundled, "use client" 
in "node_modules/framer-mot
ion/dist/es/motion/features
/layout/MeasureLayout.mjs" 
was ignored.
node_modules/framer-motion/
dist/es/context/ReorderCont
ext.mjs (1:0) Module level 
directives cause errors 
when bundled, "use client" 
in "node_modules/framer-mot
ion/dist/es/context/Reorder
Context.mjs" was ignored.
node_modules/framer-motion/
dist/es/render/dom/use-rend
er.mjs (1:0) Module level 
directives cause errors 
when bundled, "use client" 
in "node_modules/framer-mot
ion/dist/es/render/dom/use-
render.mjs" was ignored.
node_modules/framer-motion/
dist/es/context/MotionConte
xt/create.mjs (1:0) Module 
level directives cause 
errors when bundled, "use 
client" in "node_modules/fr
amer-motion/dist/es/context
/MotionContext/create.mjs" 
was ignored.
node_modules/framer-motion/
dist/es/render/html/use-htm
l-visual-state.mjs (1:0) 
Module level directives 
cause errors when bundled, 
"use client" in "node_modul
es/framer-motion/dist/es/re
nder/html/use-html-visual-s
tate.mjs" was ignored.
node_modules/framer-motion/
dist/es/motion/utils/use-mo
tion-ref.mjs (1:0) Module 
level directives cause 
errors when bundled, "use 
client" in "node_modules/fr
amer-motion/dist/es/motion/
utils/use-motion-ref.mjs" 
was ignored.
node_modules/framer-motion/
dist/es/render/svg/use-svg-
visual-state.mjs (1:0) 
Module level directives 
cause errors when bundled, 
"use client" in "node_modul
es/framer-motion/dist/es/re
nder/svg/use-svg-visual-sta
te.mjs" was ignored.
node_modules/framer-motion/
dist/es/motion/utils/use-vi
sual-element.mjs (1:0) 
Module level directives 
cause errors when bundled, 
"use client" in "node_modul
es/framer-motion/dist/es/mo
tion/utils/use-visual-eleme
nt.mjs" was ignored.
node_modules/framer-motion/
dist/es/render/html/use-pro
ps.mjs (1:0) Module level 
directives cause errors 
when bundled, "use client" 
in "node_modules/framer-mot
ion/dist/es/render/html/use
-props.mjs" was ignored.
node_modules/framer-motion/
dist/es/render/svg/use-prop
s.mjs (1:0) Module level 
directives cause errors 
when bundled, "use client" 
in "node_modules/framer-mot
ion/dist/es/render/svg/use-
props.mjs" was ignored.
[32mΓ£ô[39m 2865 modules transformed.
rendering chunks...
computing gzip size...
[2mdist/[22m[32mregisterSW.js              [39m[1m[2m  0.13 kB[22m[1m[22m
[2mdist/[22m[32mmanifest.webmanifest       [39m[1m[2m  0.39 kB[22m[1m[22m
[2mdist/[22m[32mindex.html                 [39m[1m[2m  0.57 kB[22m[1m[22m[2m Γöé gzip:   0.34 kB[22m
[2mdist/[22m[35massets/index-03c6c9eb.css  [39m[1m[2m 55.48 kB[22m[1m[22m[2m Γöé gzip:   8.86 kB[22m
[2mdist/[22m[36massets/index-f1dbb363.js   [39m[1m[33m758.17 kB[39m[22m[2m Γöé gzip: 230.72 kB[22m
[33m
(!) Some chunks are larger 
than 500 kBs after 
minification. Consider:
- Using dynamic import() 
to code-split the 
application
- Use build.rollupOptions.o
utput.manualChunks to 
improve chunking: https://r
ollupjs.org/configuration-o
ptions/#output-manualchunks
- Adjust chunk size limit 
for this warning via build.
chunkSizeWarningLimit.[39m
[31merror during build:
Error: Cannot find module 
'./validation'
Require stack:
- C:\Users\pollu\OneDrive\D
ocuments\PROJECTS\feedback-
system\feedback-frontend\fr
ontend\node_modules\ajv\dis
t\vocabularies\draft7.js
- C:\Users\pollu\OneDrive\D
ocuments\PROJECTS\feedback-
system\feedback-frontend\fr
ontend\node_modules\ajv\dis
t\ajv.js
- C:\Users\pollu\OneDrive\D
ocuments\PROJECTS\feedback-
system\feedback-frontend\fr
ontend\node_modules\workbox
-build\build\lib\validate-o
ptions.js
- C:\Users\pollu\OneDrive\D
ocuments\PROJECTS\feedback-
system\feedback-frontend\fr
ontend\node_modules\workbox
-build\build\generate-sw.js
- C:\Users\pollu\OneDrive\D
ocuments\PROJECTS\feedback-
system\feedback-frontend\fr
ontend\node_modules\workbox
-build\build\index.js
- C:\Users\pollu\OneDrive\D
ocuments\PROJECTS\feedback-
system\feedback-frontend\fr
ontend\node_modules\vite-pl
ugin-pwa\dist
    at 
Module._resolveFilename (no
de:internal/modules/cjs/loa
der:1455:15)
    at defaultResolveImpl (
node:internal/modules/cjs/l
oader:1065:19)
    at 
resolveForCJSWithHooks (nod
e:internal/modules/cjs/load
er:1070:22)
    at Module._load (node:i
nternal/modules/cjs/loader:
1241:25)
    at wrapModuleLoad (node
:internal/modules/cjs/loade
r:255:19)
    at Module.require (node
:internal/modules/cjs/loade
r:1555:12)
    at require (node:intern
al/modules/helpers:152:16)
    at Object.<anonymous> (
C:\Users\pollu\OneDrive\Doc
uments\PROJECTS\feedback-sy
stem\feedback-frontend\fron
tend\node_modules\ajv\dist\
vocabularies\draft7.js:4:22
)
    at Module._compile (nod
e:internal/modules/cjs/load
er:1811:14)
    at Object..js (node:int
ernal/modules/cjs/loader:19
42:10)[39m
